Toolbar与Palette实践/build/outputs/logs/manifest-merger-debug-report.txt
-- Merging decision tree log ---
manifest
ADDED from MaterialDesign\Toolbar与Palette实践\AndroidManifest.xml:2:1-23:12
	package
		ADDED from MaterialDesign\Toolbar与Palette实践\AndroidManifest.xml:3:5-34
		INJECTED from MaterialDesign\Toolbar与Palette实践\AndroidManifest.xml
		INJECTED from MaterialDesign\Toolbar与Palette实践\AndroidManifest.xml
	android:versionName
		ADDED from MaterialDesign\Toolbar与Palette实践\AndroidManifest.xml:5:5-30
		INJECTED from MaterialDesign\Toolbar与Palette实践\AndroidManifest.xml
		INJECTED from MaterialDesign\Toolbar与Palette实践\AndroidManifest.xml
	android:versionCode
		ADDED from MaterialDesign\Toolbar与Palette实践\AndroidManifest.xml:4:5-28
		INJECTED from MaterialDesign\Toolbar与Palette实践\AndroidManifest.xml
		INJECTED from MaterialDesign\Toolbar与Palette实践\AndroidManifest.xml
	xmlns:android
		ADDED from MaterialDesign\Toolbar与Palette实践\AndroidManifest.xml:2:11-69
application
ADDED from MaterialDesign\Toolbar与Palette实践\AndroidManifest.xml:7:5-21:19
MERGED from [com.android.support:appcompat-v7:23.1.1] AndroidManifest.xml:22:5-20
MERGED from [com.android.support:support-v4:23.1.1] AndroidManifest.xml:22:5-20
MERGED from [com.android.support:palette-v7:23.1.1] AndroidManifest.xml:22:5-23:19
MERGED from [com.android.support:support-v4:23.1.1] AndroidManifest.xml:22:5-20
	android:label
		ADDED from MaterialDesign\Toolbar与Palette实践\AndroidManifest.xml:10:9-41
	android:allowBackup
		ADDED from MaterialDesign\Toolbar与Palette实践\AndroidManifest.xml:8:9-35
	android:icon
		ADDED from MaterialDesign\Toolbar与Palette实践\AndroidManifest.xml:9:9-45
	android:theme
		ADDED from MaterialDesign\Toolbar与Palette实践\AndroidManifest.xml:11:9-40
activity#com.example.toolbar.MainActivity
ADDED from MaterialDesign\Toolbar与Palette实践\AndroidManifest.xml:12:9-20:20
	android:label
		ADDED from MaterialDesign\Toolbar与Palette实践\AndroidManifest.xml:14:13-45
	android:name
		ADDED from MaterialDesign\Toolbar与Palette实践\AndroidManifest.xml:13:13-41
intent-filter#android.intent.action.MAIN+android.intent.category.LAUNCHER
ADDED from MaterialDesign\Toolbar与Palette实践\AndroidManifest.xml:15:13-19:29
action#android.intent.action.MAIN
ADDED from MaterialDesign\Toolbar与Palette实践\AndroidManifest.xml:16:17-69
	android:name
		ADDED from MaterialDesign\Toolbar与Palette实践\AndroidManifest.xml:16:25-66
category#android.intent.category.LAUNCHER
ADDED from MaterialDesign\Toolbar与Palette实践\AndroidManifest.xml:18:17-77
	android:name
		ADDED from MaterialDesign\Toolbar与Palette实践\AndroidManifest.xml:18:27-74
uses-sdk
INJECTED from MaterialDesign\Toolbar与Palette实践\AndroidManifest.xml reason: use-sdk injection requested
MERGED from [com.android.support:appcompat-v7:23.1.1] AndroidManifest.xml:20:5-43
MERGED from [com.android.support:support-v4:23.1.1] AndroidManifest.xml:20:5-43
MERGED from [com.android.support:palette-v7:23.1.1] AndroidManifest.xml:20:5-43
MERGED from [com.android.support:support-v4:23.1.1] AndroidManifest.xml:20:5-43
	android:targetSdkVersion
		INJECTED from MaterialDesign\Toolbar与Palette实践\AndroidManifest.xml
		INJECTED from MaterialDesign\Toolbar与Palette实践\AndroidManifest.xml
	android:minSdkVersion
		INJECTED from MaterialDesign\Toolbar与Palette实践\AndroidManifest.xml
		INJECTED from MaterialDesign\Toolbar与Palette实践\AndroidManifest.xml